c:\users\jdemarchi.troysys\documents\github\tspe3\pantographpclbuilder\x64\debug\vc120.pdb
c:\users\jdemarchi.troysys\documents\github\tspe3\pantographpclbuilder\x64\debug\markup.obj
c:\users\jdemarchi.troysys\documents\github\tspe3\pantographpclbuilder\x64\debug\customconfiguration.obj
c:\users\jdemarchi.troysys\documents\github\tspe3\pantographpclbuilder\x64\debug\constants.obj
c:\users\jdemarchi.troysys\documents\github\tspe3\pantographpclbuilder\x64\debug\buildpantographwrap.obj
c:\users\jdemarchi.troysys\documents\github\tspe3\pantographpclbuilder\x64\debug\buildpantograph.obj
c:\users\jdemarchi.troysys\documents\github\tspe3\pantographpclbuilder\x64\debug\assemblyinfo.obj
c:\users\jdemarchi.troysys\documents\github\tspe3\pantographpclbuilder\x64\debug\.netframework,version=v4.0.assemblyattributes.obj
c:\users\jdemarchi.troysys\documents\github\tspe3\x64\debug\pantographpclbuilder.dll
c:\users\jdemarchi.troysys\documents\github\tspe3\x64\debug\pantographpclbuilder.pdb
c:\users\jdemarchi.troysys\documents\github\tspe3\pantographpclbuilder\x64\debug\pantographpclbuilder.vcxprojresolveassemblyreference.cache
c:\users\jdemarchi.troysys\documents\github\tspe3\pantographpclbuilder\x64\debug\pantogra.9367b43c.tlog\cl.command.1.tlog
c:\users\jdemarchi.troysys\documents\github\tspe3\pantographpclbuilder\x64\debug\pantogra.9367b43c.tlog\cl.read.1.tlog
c:\users\jdemarchi.troysys\documents\github\tspe3\pantographpclbuilder\x64\debug\pantogra.9367b43c.tlog\cl.write.1.tlog
c:\users\jdemarchi.troysys\documents\github\tspe3\pantographpclbuilder\x64\debug\pantogra.9367b43c.tlog\link.command.1.tlog
c:\users\jdemarchi.troysys\documents\github\tspe3\pantographpclbuilder\x64\debug\pantogra.9367b43c.tlog\link.read.1.tlog
c:\users\jdemarchi.troysys\documents\github\tspe3\pantographpclbuilder\x64\debug\pantogra.9367b43c.tlog\link.write.1.tlog
c:\users\jdemarchi.troysys\documents\github\tspe3\pantographpclbuilder\x64\debug\pantogra.9367b43c.tlog\metagen.read.1.tlog
c:\users\jdemarchi.troysys\documents\github\tspe3\pantographpclbuilder\x64\debug\pantogra.9367b43c.tlog\metagen.write.1.tlog
c:\users\jdemarchi.troysys\documents\github\tspe3\pantographpclbuilder\x64\debug\pantogra.9367b43c.tlog\tzres.dll.bi
