c:\users\jdemarchi.troysys\documents\github\tspe3\pantographpclbuilder\release\vc120.pdb
c:\users\jdemarchi.troysys\documents\github\tspe3\pantographpclbuilder\release\markup.obj
c:\users\jdemarchi.troysys\documents\github\tspe3\pantographpclbuilder\release\customconfiguration.obj
c:\users\jdemarchi.troysys\documents\github\tspe3\pantographpclbuilder\release\constants.obj
c:\users\jdemarchi.troysys\documents\github\tspe3\pantographpclbuilder\release\buildpantographwrap.obj
c:\users\jdemarchi.troysys\documents\github\tspe3\pantographpclbuilder\release\buildpantograph.obj
c:\users\jdemarchi.troysys\documents\github\tspe3\pantographpclbuilder\release\assemblyinfo.obj
c:\users\jdemarchi.troysys\documents\github\tspe3\pantographpclbuilder\release\.netframework,version=v4.0.assemblyattributes.obj
c:\users\jdemarchi.troysys\documents\github\tspe3\release\pantographpclbuilder.dll
c:\users\jdemarchi.troysys\documents\github\tspe3\release\pantographpclbuilder.pdb
c:\users\jdemarchi.troysys\documents\github\tspe3\pantographpclbuilder\release\pantographpclbuilder.vcxprojresolveassemblyreference.cache
c:\users\jdemarchi.troysys\documents\github\tspe3\pantographpclbuilder\release\pantogra.9367b43c.tlog\cl.command.1.tlog
c:\users\jdemarchi.troysys\documents\github\tspe3\pantographpclbuilder\release\pantogra.9367b43c.tlog\cl.read.1.tlog
c:\users\jdemarchi.troysys\documents\github\tspe3\pantographpclbuilder\release\pantogra.9367b43c.tlog\cl.write.1.tlog
c:\users\jdemarchi.troysys\documents\github\tspe3\pantographpclbuilder\release\pantogra.9367b43c.tlog\link.command.1.tlog
c:\users\jdemarchi.troysys\documents\github\tspe3\pantographpclbuilder\release\pantogra.9367b43c.tlog\link.read.1.tlog
c:\users\jdemarchi.troysys\documents\github\tspe3\pantographpclbuilder\release\pantogra.9367b43c.tlog\link.write.1.tlog
c:\users\jdemarchi.troysys\documents\github\tspe3\pantographpclbuilder\release\pantogra.9367b43c.tlog\metagen.read.1.tlog
c:\users\jdemarchi.troysys\documents\github\tspe3\pantographpclbuilder\release\pantogra.9367b43c.tlog\metagen.write.1.tlog
c:\users\jdemarchi.troysys\documents\github\tspe3\pantographpclbuilder\release\pantogra.9367b43c.tlog\tzres.dll.bi
